# JRE version: OpenJDK Runtime Environment (8.0_152-b02) (build 1.8.0_152-release-1024-b02)
# Java VM: OpenJDK 64-Bit Server VM (25.152-b02 mixed mode windows-amd64 compressed oops)
Heap:
 PSYoungGen      total 479744K, used 214654K [0x00000000e0000000, 0x00000000ff300000, 0x0000000100000000)
  eden space 449024K, 46% used [0x00000000e0000000,0x00000000eca57a58,0x00000000fb680000)
  from space 30720K, 24% used [0x00000000fd300000,0x00000000fda48000,0x00000000ff100000)
  to   space 29184K, 0% used [0x00000000fb680000,0x00000000fb680000,0x00000000fd300000)
 ParOldGen       total 256512K, used 187527K [0x00000000a0000000, 0x00000000afa80000, 0x00000000e0000000)
  object space 256512K, 73% used [0x00000000a0000000,0x00000000ab721f78,0x00000000afa80000)
 Metaspace       used 64142K, capacity 65954K, committed 66136K, reserved 1105920K
  class space    used 8567K, capacity 9007K, committed 9088K, reserved 1048576K
GC Heap History (10 events):
Event: 216.160 GC heap before
{Heap before GC invocations=30 (full 4):
 PSYoungGen      total 337408K, used 312197K [0x00000000e0000000, 0x00000000f6e80000, 0x0000000100000000)
  eden space 299520K, 100% used [0x00000000e0000000,0x00000000f2480000,0x00000000f2480000)
  from space 37888K, 33% used [0x00000000f2480000,0x00000000f30e14c0,0x00000000f4980000)
  to   space 33792K, 0% used [0x00000000f4d80000,0x00000000f4d80000,0x00000000f6e80000)
 ParOldGen       total 256512K, used 142708K [0x00000000a0000000, 0x00000000afa80000, 0x00000000e0000000)
  object space 256512K, 55% used [0x00000000a0000000,0x00000000a8b5d310,0x00000000afa80000)
 Metaspace       used 64095K, capacity 65890K, committed 66136K, reserved 1105920K
  class space    used 8567K, capacity 9007K, committed 9088K, reserved 1048576K
Event: 216.244 GC heap after
Heap after GC invocations=30 (full 4):
 PSYoungGen      total 339968K, used 16353K [0x00000000e0000000, 0x00000000fa600000, 0x0000000100000000)
  eden space 306176K, 0% used [0x00000000e0000000,0x00000000e0000000,0x00000000f2b00000)
  from space 33792K, 48% used [0x00000000f4d80000,0x00000000f5d78698,0x00000000f6e80000)
  to   space 35328K, 0% used [0x00000000f2b00000,0x00000000f2b00000,0x00000000f4d80000)
 ParOldGen       total 256512K, used 154857K [0x00000000a0000000, 0x00000000afa80000, 0x00000000e0000000)
  object space 256512K, 60% used [0x00000000a0000000,0x00000000a973a568,0x00000000afa80000)
 Metaspace       used 64095K, capacity 65890K, committed 66136K, reserved 1105920K
  class space    used 8567K, capacity 9007K, committed 9088K, reserved 1048576K
}
Event: 218.814 GC heap before
{Heap before GC invocations=31 (full 4):
 PSYoungGen      total 339968K, used 322529K [0x00000000e0000000, 0x00000000fa600000, 0x0000000100000000)
  eden space 306176K, 100% used [0x00000000e0000000,0x00000000f2b00000,0x00000000f2b00000)
  from space 33792K, 48% used [0x00000000f4d80000,0x00000000f5d78698,0x00000000f6e80000)
  to   space 35328K, 0% used [0x00000000f2b00000,0x00000000f2b00000,0x00000000f4d80000)
 ParOldGen       total 256512K, used 154857K [0x00000000a0000000, 0x00000000afa80000, 0x00000000e0000000)
  object space 256512K, 60% used [0x00000000a0000000,0x00000000a973a568,0x00000000afa80000)
 Metaspace       used 64128K, capacity 65954K, committed 66136K, reserved 1105920K
  class space    used 8567K, capacity 9007K, committed 9088K, reserved 1048576K
Event: 218.886 GC heap after
Heap after GC invocations=31 (full 4):
 PSYoungGen      total 341504K, used 5408K [0x00000000e0000000, 0x00000000fae00000, 0x0000000100000000)
  eden space 306176K, 0% used [0x00000000e0000000,0x00000000e0000000,0x00000000f2b00000)
  from space 35328K, 15% used [0x00000000f2b00000,0x00000000f3048000,0x00000000f4d80000)
  to   space 33792K, 0% used [0x00000000f8d00000,0x00000000f8d00000,0x00000000fae00000)
 ParOldGen       total 256512K, used 168468K [0x00000000a0000000, 0x00000000afa80000, 0x00000000e0000000)
  object space 256512K, 65% used [0x00000000a0000000,0x00000000aa4852a0,0x00000000afa80000)
 Metaspace       used 64128K, capacity 65954K, committed 66136K, reserved 1105920K
  class space    used 8567K, capacity 9007K, committed 9088K, reserved 1048576K
}
Event: 220.725 GC heap before
{Heap before GC invocations=32 (full 4):
 PSYoungGen      total 341504K, used 311584K [0x00000000e0000000, 0x00000000fae00000, 0x0000000100000000)
  eden space 306176K, 100% used [0x00000000e0000000,0x00000000f2b00000,0x00000000f2b00000)
  from space 35328K, 15% used [0x00000000f2b00000,0x00000000f3048000,0x00000000f4d80000)
  to   space 33792K, 0% used [0x00000000f8d00000,0x00000000f8d00000,0x00000000fae00000)
 ParOldGen       total 256512K, used 168468K [0x00000000a0000000, 0x00000000afa80000, 0x00000000e0000000)
  object space 256512K, 65% used [0x00000000a0000000,0x00000000aa4852a0,0x00000000afa80000)
 Metaspace       used 64138K, capacity 65954K, committed 66136K, reserved 1105920K
  class space    used 8567K, capacity 9007K, committed 9088K, reserved 1048576K
Event: 220.746 GC heap after
Heap after GC invocations=32 (full 4):
 PSYoungGen      total 401408K, used 5344K [0x00000000e0000000, 0x00000000faa80000, 0x0000000100000000)
  eden space 371200K, 0% used [0x00000000e0000000,0x00000000e0000000,0x00000000f6a80000)
  from space 30208K, 17% used [0x00000000f8d00000,0x00000000f9238000,0x00000000faa80000)
  to   space 32768K, 0% used [0x00000000f6a80000,0x00000000f6a80000,0x00000000f8a80000)
 ParOldGen       total 256512K, used 173876K [0x00000000a0000000, 0x00000000afa80000, 0x00000000e0000000)
  object space 256512K, 67% used [0x00000000a0000000,0x00000000aa9cd2a0,0x00000000afa80000)
 Metaspace       used 64138K, capacity 65954K, committed 66136K, reserved 1105920K
  class space    used 8567K, capacity 9007K, committed 9088K, reserved 1048576K
}
Event: 222.515 GC heap before
{Heap before GC invocations=33 (full 4):
 PSYoungGen      total 401408K, used 376544K [0x00000000e0000000, 0x00000000faa80000, 0x0000000100000000)
  eden space 371200K, 100% used [0x00000000e0000000,0x00000000f6a80000,0x00000000f6a80000)
  from space 30208K, 17% used [0x00000000f8d00000,0x00000000f9238000,0x00000000faa80000)
  to   space 32768K, 0% used [0x00000000f6a80000,0x00000000f6a80000,0x00000000f8a80000)
 ParOldGen       total 256512K, used 173876K [0x00000000a0000000, 0x00000000afa80000, 0x00000000e0000000)
  object space 256512K, 67% used [0x00000000a0000000,0x00000000aa9cd2a0,0x00000000afa80000)
 Metaspace       used 64138K, capacity 65954K, committed 66136K, reserved 1105920K
  class space    used 8567K, capacity 9007K, committed 9088K, reserved 1048576K
Event: 222.533 GC heap after
Heap after GC invocations=33 (full 4):
 PSYoungGen      total 403968K, used 8224K [0x00000000e0000000, 0x00000000ff100000, 0x0000000100000000)
  eden space 371200K, 0% used [0x00000000e0000000,0x00000000e0000000,0x00000000f6a80000)
  from space 32768K, 25% used [0x00000000f6a80000,0x00000000f7288000,0x00000000f8a80000)
  to   space 30720K, 0% used [0x00000000fd300000,0x00000000fd300000,0x00000000ff100000)
 ParOldGen       total 256512K, used 179199K [0x00000000a0000000, 0x00000000afa80000, 0x00000000e0000000)
  object space 256512K, 69% used [0x00000000a0000000,0x00000000aaefff78,0x00000000afa80000)
 Metaspace       used 64138K, capacity 65954K, committed 66136K, reserved 1105920K
  class space    used 8567K, capacity 9007K, committed 9088K, reserved 1048576K
}
Event: 224.471 GC heap before
{Heap before GC invocations=34 (full 4):
 PSYoungGen      total 403968K, used 379424K [0x00000000e0000000, 0x00000000ff100000, 0x0000000100000000)
  eden space 371200K, 100% used [0x00000000e0000000,0x00000000f6a80000,0x00000000f6a80000)
  from space 32768K, 25% used [0x00000000f6a80000,0x00000000f7288000,0x00000000f8a80000)
  to   space 30720K, 0% used [0x00000000fd300000,0x00000000fd300000,0x00000000ff100000)
 ParOldGen       total 256512K, used 179199K [0x00000000a0000000, 0x00000000afa80000, 0x00000000e0000000)
  object space 256512K, 69% used [0x00000000a0000000,0x00000000aaefff78,0x00000000afa80000)
 Metaspace       used 64141K, capacity 65954K, committed 66136K, reserved 1105920K
  class space    used 8567K, capacity 9007K, committed 9088K, reserved 1048576K
Event: 224.529 GC heap after
Heap after GC invocations=34 (full 4):
 PSYoungGen      total 479744K, used 7456K [0x00000000e0000000, 0x00000000ff300000, 0x0000000100000000)
  eden space 449024K, 0% used [0x00000000e0000000,0x00000000e0000000,0x00000000fb680000)
  from space 30720K, 24% used [0x00000000fd300000,0x00000000fda48000,0x00000000ff100000)
  to   space 29184K, 0% used [0x00000000fb680000,0x00000000fb680000,0x00000000fd300000)
 ParOldGen       total 256512K, used 187527K [0x00000000a0000000, 0x00000000afa80000, 0x00000000e0000000)
  object space 256512K, 73% used [0x00000000a0000000,0x00000000ab721f78,0x00000000afa80000)
 Metaspace       used 64141K, capacity 65954K, committed 66136K, reserved 1105920K
  class space    used 8567K, capacity 9007K, committed 9088K, reserved 1048576K
}

